{"uid":"77794d17c5240fe4","name":"test_hotel_description","fullName":"test.test_homework3.TestHootel#test_hotel_description","historyId":"2789bae438087bbee60f6ea803fae6f9","time":{"start":1705226766950,"stop":1705226767964,"duration":1014},"status":"broken","statusMessage":"selenium.common.exceptions.NoSuchElementException: Message: no such element: Unable to locate element: {\"method\":\"xpath\",\"selector\":\"//h4[text()=\"Party szálló - szálloda\"]\"}\n  (Session info: chrome-headless-shell=120.0.6099.199); For documentation on this error, please visit: https://www.selenium.dev/documentation/webdriver/troubleshooting/errors#no-such-element-exception\nStacktrace:\n#0 0x559bf3bf1f83 <unknown>\n#1 0x559bf38aacf7 <unknown>\n#2 0x559bf38fa99e <unknown>\n#3 0x559bf38faaa1 <unknown>\n#4 0x559bf3945d64 <unknown>\n#5 0x559bf39240dd <unknown>\n#6 0x559bf3943006 <unknown>\n#7 0x559bf3923e53 <unknown>\n#8 0x559bf38ebdd4 <unknown>\n#9 0x559bf38ed1de <unknown>\n#10 0x559bf3bb6531 <unknown>\n#11 0x559bf3bba455 <unknown>\n#12 0x559bf3ba2f55 <unknown>\n#13 0x559bf3bbb0ef <unknown>\n#14 0x559bf3b8699f <unknown>\n#15 0x559bf3bdf008 <unknown>\n#16 0x559bf3bdf1d7 <unknown>\n#17 0x559bf3bf1124 <unknown>\n#18 0x7f7035094ac3 <unknown>","statusTrace":"self = <test_homework3.TestHootel object at 0x7ffb18b8f520>\n\n    def test_hotel_description(self):\n        time.sleep(1)\n>       Party_szallo = self.driver.find_element(By.XPATH, '//h4[text()=\"Party szálló - szálloda\"]')\n\ntest/test_homework3.py:47: \n_ _ _ _ _ _ _ _ _ _ _ _ _ _ _ _ _ _ _ _ _ _ _ _ _ _ _ _ _ _ _ _ _ _ _ _ _ _ _ _ \n/opt/hostedtoolcache/Python/3.10.13/x64/lib/python3.10/site-packages/selenium/webdriver/remote/webdriver.py:742: in find_element\n    return self.execute(Command.FIND_ELEMENT, {\"using\": by, \"value\": value})[\"value\"]\n/opt/hostedtoolcache/Python/3.10.13/x64/lib/python3.10/site-packages/selenium/webdriver/remote/webdriver.py:348: in execute\n    self.error_handler.check_response(response)\n_ _ _ _ _ _ _ _ _ _ _ _ _ _ _ _ _ _ _ _ _ _ _ _ _ _ _ _ _ _ _ _ _ _ _ _ _ _ _ _ \n\nself = <selenium.webdriver.remote.errorhandler.ErrorHandler object at 0x7ffb18c5abc0>\nresponse = {'status': 404, 'value': '{\"value\":{\"error\":\"no such element\",\"message\":\"no such element: Unable to locate element: {\\...\\\\n#16 0x559bf3bdf1d7 \\\\u003Cunknown>\\\\n#17 0x559bf3bf1124 \\\\u003Cunknown>\\\\n#18 0x7f7035094ac3 \\\\u003Cunknown>\\\\n\"}}'}\n\n    def check_response(self, response: Dict[str, Any]) -> None:\n        \"\"\"Checks that a JSON response from the WebDriver does not have an\n        error.\n    \n        :Args:\n         - response - The JSON response from the WebDriver server as a dictionary\n           object.\n    \n        :Raises: If the response contains an error message.\n        \"\"\"\n        status = response.get(\"status\", None)\n        if not status or status == ErrorCode.SUCCESS:\n            return\n        value = None\n        message = response.get(\"message\", \"\")\n        screen: str = response.get(\"screen\", \"\")\n        stacktrace = None\n        if isinstance(status, int):\n            value_json = response.get(\"value\", None)\n            if value_json and isinstance(value_json, str):\n                import json\n    \n                try:\n                    value = json.loads(value_json)\n                    if len(value) == 1:\n                        value = value[\"value\"]\n                    status = value.get(\"error\", None)\n                    if not status:\n                        status = value.get(\"status\", ErrorCode.UNKNOWN_ERROR)\n                        message = value.get(\"value\") or value.get(\"message\")\n                        if not isinstance(message, str):\n                            value = message\n                            message = message.get(\"message\")\n                    else:\n                        message = value.get(\"message\", None)\n                except ValueError:\n                    pass\n    \n        exception_class: Type[WebDriverException]\n        e = ErrorCode()\n        error_codes = [item for item in dir(e) if not item.startswith(\"__\")]\n        for error_code in error_codes:\n            error_info = getattr(ErrorCode, error_code)\n            if isinstance(error_info, list) and status in error_info:\n                exception_class = getattr(ExceptionMapping, error_code, WebDriverException)\n                break\n        else:\n            exception_class = WebDriverException\n    \n        if not value:\n            value = response[\"value\"]\n        if isinstance(value, str):\n            raise exception_class(value)\n        if message == \"\" and \"message\" in value:\n            message = value[\"message\"]\n    \n        screen = None  # type: ignore[assignment]\n        if \"screen\" in value:\n            screen = value[\"screen\"]\n    \n        stacktrace = None\n        st_value = value.get(\"stackTrace\") or value.get(\"stacktrace\")\n        if st_value:\n            if isinstance(st_value, str):\n                stacktrace = st_value.split(\"\\n\")\n            else:\n                stacktrace = []\n                try:\n                    for frame in st_value:\n                        line = frame.get(\"lineNumber\", \"\")\n                        file = frame.get(\"fileName\", \"<anonymous>\")\n                        if line:\n                            file = f\"{file}:{line}\"\n                        meth = frame.get(\"methodName\", \"<anonymous>\")\n                        if \"className\" in frame:\n                            meth = f\"{frame['className']}.{meth}\"\n                        msg = \"    at %s (%s)\"\n                        msg = msg % (meth, file)\n                        stacktrace.append(msg)\n                except TypeError:\n                    pass\n        if exception_class == UnexpectedAlertPresentException:\n            alert_text = None\n            if \"data\" in value:\n                alert_text = value[\"data\"].get(\"text\")\n            elif \"alert\" in value:\n                alert_text = value[\"alert\"].get(\"text\")\n            raise exception_class(message, screen, stacktrace, alert_text)  # type: ignore[call-arg]  # mypy is not smart enough here\n>       raise exception_class(message, screen, stacktrace)\nE       selenium.common.exceptions.NoSuchElementException: Message: no such element: Unable to locate element: {\"method\":\"xpath\",\"selector\":\"//h4[text()=\"Party szálló - szálloda\"]\"}\nE         (Session info: chrome-headless-shell=120.0.6099.199); For documentation on this error, please visit: https://www.selenium.dev/documentation/webdriver/troubleshooting/errors#no-such-element-exception\nE       Stacktrace:\nE       #0 0x559bf3bf1f83 <unknown>\nE       #1 0x559bf38aacf7 <unknown>\nE       #2 0x559bf38fa99e <unknown>\nE       #3 0x559bf38faaa1 <unknown>\nE       #4 0x559bf3945d64 <unknown>\nE       #5 0x559bf39240dd <unknown>\nE       #6 0x559bf3943006 <unknown>\nE       #7 0x559bf3923e53 <unknown>\nE       #8 0x559bf38ebdd4 <unknown>\nE       #9 0x559bf38ed1de <unknown>\nE       #10 0x559bf3bb6531 <unknown>\nE       #11 0x559bf3bba455 <unknown>\nE       #12 0x559bf3ba2f55 <unknown>\nE       #13 0x559bf3bbb0ef <unknown>\nE       #14 0x559bf3b8699f <unknown>\nE       #15 0x559bf3bdf008 <unknown>\nE       #16 0x559bf3bdf1d7 <unknown>\nE       #17 0x559bf3bf1124 <unknown>\nE       #18 0x7f7035094ac3 <unknown>\n\n/opt/hostedtoolcache/Python/3.10.13/x64/lib/python3.10/site-packages/selenium/webdriver/remote/errorhandler.py:229: NoSuchElementException","flaky":false,"newFailed":false,"newBroken":false,"newPassed":false,"retriesCount":0,"retriesStatusChange":false,"beforeStages":[{"name":"_xunit_setup_method_fixture_TestHootel","time":{"start":1705226764843,"stop":1705226766950,"duration":2107},"status":"passed","steps":[],"attachments":[],"parameters":[],"shouldDisplayMessage":false,"stepsCount":0,"attachmentsCount":0,"hasContent":false,"attachmentStep":false}],"afterStages":[{"name":"_xunit_setup_method_fixture_TestHootel::0","time":{"start":1705226767985,"stop":1705226768042,"duration":57},"status":"passed","steps":[],"attachments":[],"parameters":[],"shouldDisplayMessage":false,"stepsCount":0,"attachmentsCount":0,"hasContent":false,"attachmentStep":false}],"labels":[{"name":"parentSuite","value":"test"},{"name":"suite","value":"test_homework3"},{"name":"subSuite","value":"TestHootel"},{"name":"host","value":"fv-az573-548"},{"name":"thread","value":"2177-MainThread"},{"name":"framework","value":"pytest"},{"name":"language","value":"cpython3"},{"name":"package","value":"test.test_homework3"},{"name":"resultFormat","value":"allure2"}],"parameters":[],"links":[],"hidden":false,"retry":false,"extra":{"severity":"normal","retries":[],"categories":[{"name":"Test defects","matchedStatuses":[],"flaky":false}],"tags":[]},"source":"77794d17c5240fe4.json","parameterValues":[]}